[08/19/2022 21:36:08] Debug: Session id: eed26a2f-1d48-4698-a3cf-313f5800125c
[08/19/2022 21:36:08] Debug: Code Processor information: Name :SnowConvert, Version: 7.11.91.0
[08/19/2022 21:36:09] Debug: Getting license
[08/19/2022 21:36:09] Debug: License information
	Status: Failed
	Message: No active license available.
[08/19/2022 21:36:09] Info: Starting to validate parameters
[08/19/2022 21:36:09] Info: Parameters to validate: 
	Execution mode: Conversion
	LICENSE_KEY: a3372138-b87e-4a08-b929-3b48b24c63f1
[08/19/2022 21:36:09] Info: Validation of parameters: Success
[08/19/2022 21:36:09] Debug: Getting code descriptor
[08/19/2022 21:36:09] Debug: Code descriptor information
	Units: 51
	Units type: LOC
	All file bytes: 2141
	All found extensions: .sql,.dml,.ddl,.bteq,.btq,.fl,.fload,.ml,.mload,.mld,.tp,.tpump,.tpt
[08/19/2022 21:36:09] Debug: Calculating fingerprint
[08/19/2022 21:36:09] Debug: Fingerprint information Fingerprint(size=2141,projects=1)
[08/19/2022 21:36:09] Info: Starting to try to validate online license for execution
[08/19/2022 21:36:11] Debug: Getting license
[08/19/2022 21:36:11] Debug: License information
	Status: Failed
	Message: No active license available.
[08/19/2022 21:36:11] Debug: Starting the execution of the controller
[08/19/2022 21:36:12] Debug: Executing the worker: SnowConvert
[08/19/2022 21:36:24] Debug: Finished executing the worker: SnowConvert
[08/19/2022 21:36:26] Info: Controller execution ended
