[08/19/2022 21:36:12] Info: SourceLanguage set to Teradata based on the appsettings configuration.
[08/19/2022 21:36:12] Info: Starting to analyze the input path '/tmp/Repo-d95cf43e-8ea1-4bf6-be04-12d5f9c20559/Sources'...
[08/19/2022 21:36:12] Info: Found 1 SQL files with a total size of 2.09KB
[08/19/2022 21:36:12] Info: Found 0 BTEQ files
[08/19/2022 21:36:12] Info: Found 0 FastLoad files
[08/19/2022 21:36:12] Info: Found 0 MultiLoad files
[08/19/2022 21:36:12] Info: Found 0 TPump files
[08/19/2022 21:36:12] Info: Found 0 TPT files
[08/19/2022 21:36:12] Info: No path specified for loading additional transformation rules
[08/19/2022 21:36:17] Info: Starting the parsing process of 1 file with 2.09KB of code, this might take a while...
[08/19/2022 21:36:17] Info: EFProcess 637965417778111547 started
[08/19/2022 21:36:17] Debug: TaskParam transformationVisitors = Value is not created.
[08/19/2022 21:36:17] Debug: TaskParam issueInventory = Mobilize.Snow.Assessment.IssueInventory
[08/19/2022 21:36:17] Debug: TaskParam totalLOC = 0
[08/19/2022 21:36:17] Debug: TaskParam assessmentSummaryInventory = Mobilize.Snow.Assessment.AssessmentSummaryInventory
[08/19/2022 21:36:17] Debug: TaskParam sourceLanguage = Teradata
[08/19/2022 21:36:17] Debug: TaskParam TaskConversionTime = Mobilize.Snow.Assessment.TaskConversionTimeSummary
[08/19/2022 21:36:17] Debug: TaskParam parsingProgressDescriptor = Mobilize.Common.Utils.Progress.SingleProgressDescriptor
[08/19/2022 21:36:17] Debug: TaskParam processingProgressDescriptor = Mobilize.Common.Utils.Progress.SingleProgressDescriptor
[08/19/2022 21:36:17] Debug: TaskParam parsedFilesCount = 0
[08/19/2022 21:36:17] Debug: TaskParam AssessmentManager = Mobilize.Snow.Assessment.AssessmentManager
[08/19/2022 21:36:17] Debug: TaskParam symbolTableProvider = Value is not created.
[08/19/2022 21:36:17] Debug: TaskParam ConversionBeginTask.Input = /tmp/Repo-d95cf43e-8ea1-4bf6-be04-12d5f9c20559/Sources/input.wsp
[08/19/2022 21:36:17] Debug: TaskParam workingSet = Value is not created.
[08/19/2022 21:36:17] Debug: TaskParam ConversionBeginTask.ItemMedatada = Artinsoft.Common.Store.ItemMetadata
[08/19/2022 21:36:17] Debug: TaskParam ConversionBeginTask.Enabled = True
[08/19/2022 21:36:17] Debug: TaskParam Repository = Value is not created.
[08/19/2022 21:36:17] Debug: TaskParam RepositoryDirectory = /tmp/Output-d95cf43e-8ea1-4bf6-be04-12d5f9c20559/.mobilize/CommonEF
[08/19/2022 21:36:17] Info: Step 1/7 - Loading Code: STARTED
[08/19/2022 21:36:19] Info: Step 1/7 - Loading Code: COMPLETED
[08/19/2022 21:36:20] Debug: TaskParam transformationVisitors = Value is not created.
[08/19/2022 21:36:20] Debug: TaskParam sourceLanguage = Teradata
[08/19/2022 21:36:20] Debug: TaskParam symbolTableProvider = Value is not created.
[08/19/2022 21:36:20] Debug: TaskParam TaskConversionTime = Mobilize.Snow.Assessment.TaskConversionTimeSummary
[08/19/2022 21:36:20] Debug: TaskParam SymbolTableFillingTask.Input = /tmp/Repo-d95cf43e-8ea1-4bf6-be04-12d5f9c20559/Sources/input.wsp
[08/19/2022 21:36:20] Debug: TaskParam workingSet = Artinsoft.Common.Store.RepositoryWorkingSet`2[System.String,Artinsoft.Common.Store.IItemContainer]
[08/19/2022 21:36:20] Debug: TaskParam SymbolTableFillingTask.ItemMedatada = Artinsoft.Common.Store.ItemMetadata
[08/19/2022 21:36:20] Debug: TaskParam SymbolTableFillingTask.Enabled = True
[08/19/2022 21:36:20] Debug: TaskParam Repository = Artinsoft.Common.Store.Repository
[08/19/2022 21:36:20] Debug: TaskParam RepositoryDirectory = /tmp/Output-d95cf43e-8ea1-4bf6-be04-12d5f9c20559/.mobilize/CommonEF
[08/19/2022 21:36:20] Info: Step 2/7 - Semantic Analysis of Tables: STARTED
[08/19/2022 21:36:22] Info: Step 2/7 - Semantic Analysis of Tables: COMPLETED
[08/19/2022 21:36:22] Debug: TaskParam transformationVisitors = Artinsoft.Common.Tools.Transform.TransformationVisitors
[08/19/2022 21:36:22] Debug: TaskParam sourceLanguage = Teradata
[08/19/2022 21:36:22] Debug: TaskParam symbolTableProvider = Mobilize.Snow.Common.SymbolTableProvider
[08/19/2022 21:36:22] Debug: TaskParam TaskConversionTime = Mobilize.Snow.Assessment.TaskConversionTimeSummary
[08/19/2022 21:36:22] Debug: TaskParam SymbolTableFillingSecondTask.Input = /tmp/Repo-d95cf43e-8ea1-4bf6-be04-12d5f9c20559/Sources/input.wsp
[08/19/2022 21:36:22] Debug: TaskParam workingSet = Artinsoft.Common.Store.RepositoryWorkingSet`2[System.String,Artinsoft.Common.Store.IItemContainer]
[08/19/2022 21:36:22] Debug: TaskParam SymbolTableFillingSecondTask.ItemMedatada = Artinsoft.Common.Store.ItemMetadata
[08/19/2022 21:36:22] Debug: TaskParam SymbolTableFillingSecondTask.Enabled = True
[08/19/2022 21:36:22] Debug: TaskParam Repository = Artinsoft.Common.Store.Repository
[08/19/2022 21:36:22] Debug: TaskParam RepositoryDirectory = /tmp/Output-d95cf43e-8ea1-4bf6-be04-12d5f9c20559/.mobilize/CommonEF
[08/19/2022 21:36:22] Info: Step 3/7 - Semantic Analysis of Top Level Objects: STARTED
[08/19/2022 21:36:22] Info: Step 3/7 - Semantic Analysis of Top Level Objects: COMPLETED
[08/19/2022 21:36:22] Debug: TaskParam inputPath = /tmp/Repo-d95cf43e-8ea1-4bf6-be04-12d5f9c20559/Sources
[08/19/2022 21:36:22] Debug: TaskParam transformationVisitors = Artinsoft.Common.Tools.Transform.TransformationVisitors
[08/19/2022 21:36:22] Debug: TaskParam symbolTableProvider = Mobilize.Snow.Common.SymbolTableProvider
[08/19/2022 21:36:22] Debug: TaskParam FunctionDependenciesGraphs = 
[08/19/2022 21:36:22] Debug: TaskParam sourceLanguage = Teradata
[08/19/2022 21:36:22] Debug: TaskParam TaskConversionTime = Mobilize.Snow.Assessment.TaskConversionTimeSummary
[08/19/2022 21:36:22] Debug: TaskParam DependenciesExtractorTask.Input = /tmp/Repo-d95cf43e-8ea1-4bf6-be04-12d5f9c20559/Sources/input.wsp
[08/19/2022 21:36:22] Debug: TaskParam workingSet = Artinsoft.Common.Store.RepositoryWorkingSet`2[System.String,Artinsoft.Common.Store.IItemContainer]
[08/19/2022 21:36:22] Debug: TaskParam DependenciesExtractorTask.ItemMedatada = Artinsoft.Common.Store.ItemMetadata
[08/19/2022 21:36:22] Debug: TaskParam DependenciesExtractorTask.Enabled = True
[08/19/2022 21:36:22] Debug: TaskParam Repository = Artinsoft.Common.Store.Repository
[08/19/2022 21:36:22] Debug: TaskParam RepositoryDirectory = /tmp/Output-d95cf43e-8ea1-4bf6-be04-12d5f9c20559/.mobilize/CommonEF
[08/19/2022 21:36:22] Info: Step 4/7 - Analysis of object dependencies: STARTED
[08/19/2022 21:36:22] Info: Step 4/7 - Analysis of object dependencies: COMPLETED
[08/19/2022 21:36:22] Debug: TaskParam transformationVisitors = Artinsoft.Common.Tools.Transform.TransformationVisitors
[08/19/2022 21:36:22] Debug: TaskParam sourceLanguage = Teradata
[08/19/2022 21:36:22] Debug: TaskParam TaskConversionTime = Mobilize.Snow.Assessment.TaskConversionTimeSummary
[08/19/2022 21:36:22] Debug: TaskParam symbolTableProvider = Mobilize.Snow.Common.SymbolTableProvider
[08/19/2022 21:36:22] Debug: TaskParam userDefinedFunctionTargetTransformation = 
[08/19/2022 21:36:22] Debug: TaskParam SnowScript = False
[08/19/2022 21:36:22] Debug: TaskParam DependenciesGraphs = [/tmp/Repo-d95cf43e-8ea1-4bf6-be04-12d5f9c20559/Sources/CLI_T12/Source_Code.sql, Mobilize.Snow.Common.Utils.Graph.DirectedGraph]
[08/19/2022 21:36:22] Debug: TaskParam PreProcessTask.Input = /tmp/Repo-d95cf43e-8ea1-4bf6-be04-12d5f9c20559/Sources/input.wsp
[08/19/2022 21:36:22] Debug: TaskParam workingSet = Artinsoft.Common.Store.RepositoryWorkingSet`2[System.String,Artinsoft.Common.Store.IItemContainer]
[08/19/2022 21:36:22] Debug: TaskParam PreProcessTask.ItemMedatada = Artinsoft.Common.Store.ItemMetadata
[08/19/2022 21:36:22] Debug: TaskParam PreProcessTask.Enabled = True
[08/19/2022 21:36:22] Debug: TaskParam Repository = Artinsoft.Common.Store.Repository
[08/19/2022 21:36:22] Debug: TaskParam RepositoryDirectory = /tmp/Output-d95cf43e-8ea1-4bf6-be04-12d5f9c20559/.mobilize/CommonEF
[08/19/2022 21:36:22] Info: Step 5/7 - Pre-Processing: STARTED
[08/19/2022 21:36:22] Info: Step 5/7 - Pre-Processing: COMPLETED
[08/19/2022 21:36:22] Debug: TaskParam transformationVisitors = Artinsoft.Common.Tools.Transform.TransformationVisitors
[08/19/2022 21:36:22] Debug: TaskParam sourceLanguage = Teradata
[08/19/2022 21:36:22] Debug: TaskParam TaskConversionTime = Mobilize.Snow.Assessment.TaskConversionTimeSummary
[08/19/2022 21:36:22] Debug: TaskParam symbolTableProvider = Mobilize.Snow.Common.SymbolTableProvider
[08/19/2022 21:36:22] Debug: TaskParam preConversionAssessmentStorage = Mobilize.Snow.Assessment.PreConversionAssessmentStorage
[08/19/2022 21:36:22] Debug: TaskParam userDefinedFunctionTargetTransformation = 
[08/19/2022 21:36:22] Debug: TaskParam executeT12AssessmentMode = False
[08/19/2022 21:36:22] Debug: TaskParam PreConversionAssessmentTask.Input = /tmp/Repo-d95cf43e-8ea1-4bf6-be04-12d5f9c20559/Sources/input.wsp
[08/19/2022 21:36:22] Debug: TaskParam workingSet = Artinsoft.Common.Store.RepositoryWorkingSet`2[System.String,Artinsoft.Common.Store.IItemContainer]
[08/19/2022 21:36:22] Debug: TaskParam PreConversionAssessmentTask.ItemMedatada = Artinsoft.Common.Store.ItemMetadata
[08/19/2022 21:36:22] Debug: TaskParam PreConversionAssessmentTask.Enabled = True
[08/19/2022 21:36:22] Debug: TaskParam Repository = Artinsoft.Common.Store.Repository
[08/19/2022 21:36:22] Debug: TaskParam RepositoryDirectory = /tmp/Output-d95cf43e-8ea1-4bf6-be04-12d5f9c20559/.mobilize/CommonEF
[08/19/2022 21:36:22] Debug: TaskParam transformationVisitors = Artinsoft.Common.Tools.Transform.TransformationVisitors
[08/19/2022 21:36:22] Debug: TaskParam sourceLanguage = Teradata
[08/19/2022 21:36:22] Debug: TaskParam LineageInventory = Mobilize.Snow.Assessment.LineageInventory
[08/19/2022 21:36:22] Debug: TaskParam reportPath = /tmp/Output-d95cf43e-8ea1-4bf6-be04-12d5f9c20559/Reports
[08/19/2022 21:36:22] Debug: TaskParam SessionTimestamp = 20220819.213612
[08/19/2022 21:36:22] Debug: TaskParam codeModelWriter = Mobilize.Common.AssessmentModel.Writer.CodeModelWriter
[08/19/2022 21:36:22] Debug: TaskParam symbolTableProvider = Mobilize.Snow.Common.SymbolTableProvider
[08/19/2022 21:36:22] Debug: TaskParam ExecuteOracleLineage = False
[08/19/2022 21:36:22] Debug: TaskParam LineageTask.Input = /tmp/Repo-d95cf43e-8ea1-4bf6-be04-12d5f9c20559/Sources/input.wsp
[08/19/2022 21:36:22] Debug: TaskParam workingSet = Artinsoft.Common.Store.RepositoryWorkingSet`2[System.String,Artinsoft.Common.Store.IItemContainer]
[08/19/2022 21:36:22] Debug: TaskParam LineageTask.ItemMedatada = Artinsoft.Common.Store.ItemMetadata
[08/19/2022 21:36:22] Debug: TaskParam LineageTask.Enabled = True
[08/19/2022 21:36:22] Debug: TaskParam Repository = Artinsoft.Common.Store.Repository
[08/19/2022 21:36:22] Debug: TaskParam RepositoryDirectory = /tmp/Output-d95cf43e-8ea1-4bf6-be04-12d5f9c20559/.mobilize/CommonEF
[08/19/2022 21:36:22] Debug: TaskParam assessmentSummaryInventory = Mobilize.Snow.Assessment.AssessmentSummaryInventory
[08/19/2022 21:36:22] Debug: TaskParam CustomDatabaseName = 
[08/19/2022 21:36:22] Debug: TaskParam CustomSchemaName = PUBLIC
[08/19/2022 21:36:22] Debug: TaskParam castTransformationObject = Mobilize.Snow.Common.T12.CastTransformationObject
[08/19/2022 21:36:22] Debug: TaskParam commentIfMissingDependencies = False
[08/19/2022 21:36:22] Debug: TaskParam DependenciesGraphs = [/tmp/Repo-d95cf43e-8ea1-4bf6-be04-12d5f9c20559/Sources/CLI_T12/Source_Code.sql, Mobilize.Snow.Common.Utils.Graph.DirectedGraph]
[08/19/2022 21:36:22] Debug: TaskParam FunctionDependenciesGraphs = [/tmp/Repo-d95cf43e-8ea1-4bf6-be04-12d5f9c20559/Sources/CLI_T12/Source_Code.sql, Mobilize.Snow.Common.Utils.Graph.FunctionDependenciesGraph]
[08/19/2022 21:36:22] Debug: TaskParam detailsInventory = Mobilize.Snow.Assessment.DetailsInventory
[08/19/2022 21:36:22] Debug: TaskParam unsupportedInventory = Mobilize.Snow.Assessment.UnsupportedInventory
[08/19/2022 21:36:22] Debug: TaskParam inputPath = /tmp/Repo-d95cf43e-8ea1-4bf6-be04-12d5f9c20559/Sources
[08/19/2022 21:36:22] Debug: TaskParam inventory = Mobilize.Snow.Assessment.SqlObjectsInventory
[08/19/2022 21:36:22] Debug: TaskParam issueInventory = Mobilize.Snow.Assessment.IssueInventory
[08/19/2022 21:36:22] Debug: TaskParam Mappings = Mobilize.Snow.ConversionTool.Mapper.SnowFlakeMappingsContainer
[08/19/2022 21:36:22] Debug: TaskParam outputPath = /tmp/Output-d95cf43e-8ea1-4bf6-be04-12d5f9c20559/Output
[08/19/2022 21:36:22] Debug: TaskParam symbolTableProvider = Mobilize.Snow.Common.SymbolTableProvider
[08/19/2022 21:36:22] Debug: TaskParam transformationVisitors = Artinsoft.Common.Tools.Transform.TransformationVisitors
[08/19/2022 21:36:22] Debug: TaskParam sourceLanguage = Teradata
[08/19/2022 21:36:22] Debug: TaskParam TaskConversionTime = Mobilize.Snow.Assessment.TaskConversionTimeSummary
[08/19/2022 21:36:22] Debug: TaskParam AssessmentManager = Mobilize.Snow.Assessment.AssessmentManager
[08/19/2022 21:36:22] Debug: TaskParam stubManager = Mobilize.Snow.Common.Utils.StubGenerationManager
[08/19/2022 21:36:22] Debug: TaskParam UDFManager = Mobilize.Snow.Common.UdfManager
[08/19/2022 21:36:22] Debug: TaskParam DbObjectFilesManager = Mobilize.Snow.Common.DatabaseObjectFilesManager
[08/19/2022 21:36:22] Debug: TaskParam DisableSynonym = False
[08/19/2022 21:36:22] Debug: TaskParam DisablePackagesAsSchemas = False
[08/19/2022 21:36:22] Debug: TaskParam SysdateAsCurrentTimestamp = False
[08/19/2022 21:36:22] Debug: TaskParam codeModelWriter = Mobilize.Common.AssessmentModel.Writer.CodeModelWriter
[08/19/2022 21:36:22] Debug: TaskParam ReplaceDeleteAllToTruncate = False
[08/19/2022 21:36:22] Debug: TaskParam useDatabase = False
[08/19/2022 21:36:22] Debug: TaskParam userDefinedFunctionTargetTransformation = 
[08/19/2022 21:36:22] Debug: TaskParam SnowScript = False
[08/19/2022 21:36:22] Debug: TaskParam executeT12AssessmentMode = False
[08/19/2022 21:36:22] Debug: TaskParam processingProgressDescriptor = Mobilize.Common.Utils.Progress.SingleProgressDescriptor
[08/19/2022 21:36:22] Debug: TaskParam ExecutionModeValue = Conversion
[08/19/2022 21:36:22] Debug: TaskParam inputInfo = Mobilize.Snow.ConversionTool.Tasks.T12InputFilesInfo
[08/19/2022 21:36:22] Debug: TaskParam TransformationsTask.Input = /tmp/Repo-d95cf43e-8ea1-4bf6-be04-12d5f9c20559/Sources/input.wsp
[08/19/2022 21:36:22] Debug: TaskParam workingSet = Artinsoft.Common.Store.RepositoryWorkingSet`2[System.String,Artinsoft.Common.Store.IItemContainer]
[08/19/2022 21:36:22] Debug: TaskParam TransformationsTask.ItemMedatada = Artinsoft.Common.Store.ItemMetadata
[08/19/2022 21:36:22] Debug: TaskParam TransformationsTask.Enabled = True
[08/19/2022 21:36:22] Debug: TaskParam Repository = Artinsoft.Common.Store.Repository
[08/19/2022 21:36:22] Debug: TaskParam RepositoryDirectory = /tmp/Output-d95cf43e-8ea1-4bf6-be04-12d5f9c20559/.mobilize/CommonEF
[08/19/2022 21:36:22] Info: Step 6/7 - Conversion Execution: STARTED
[08/19/2022 21:36:22] Info: Start transforming file Source_Code.sql
[08/19/2022 21:36:22] Info: Transformed file Source_Code.sql
[08/19/2022 21:36:22] Info: Step 6/7 - Conversion Execution: COMPLETED
[08/19/2022 21:36:22] Debug: TaskParam CustomSchemaName = PUBLIC
[08/19/2022 21:36:22] Debug: TaskParam initialTime = 08/19/2022 21:36:12
[08/19/2022 21:36:22] Debug: TaskParam coverage = 0
[08/19/2022 21:36:22] Debug: TaskParam inventory = Mobilize.Snow.Assessment.SqlObjectsInventory
[08/19/2022 21:36:22] Debug: TaskParam unsupportedInventory = Mobilize.Snow.Assessment.UnsupportedInventory
[08/19/2022 21:36:22] Debug: TaskParam issueInventory = Mobilize.Snow.Assessment.IssueInventory
[08/19/2022 21:36:22] Debug: TaskParam detailsInventory = Mobilize.Snow.Assessment.DetailsInventory
[08/19/2022 21:36:22] Debug: TaskParam assessmentSummaryInventory = Mobilize.Snow.Assessment.AssessmentSummaryInventory
[08/19/2022 21:36:22] Debug: TaskParam SnowScript = False
[08/19/2022 21:36:22] Debug: TaskParam reportPath = /tmp/Output-d95cf43e-8ea1-4bf6-be04-12d5f9c20559/Reports
[08/19/2022 21:36:22] Debug: TaskParam totalLOC = 41
[08/19/2022 21:36:22] Debug: TaskParam totalProcessedLOC = 0
[08/19/2022 21:36:22] Debug: TaskParam inputInfo = Mobilize.Snow.ConversionTool.Tasks.T12InputFilesInfo
[08/19/2022 21:36:22] Debug: TaskParam inputPath = /tmp/Repo-d95cf43e-8ea1-4bf6-be04-12d5f9c20559/Sources
[08/19/2022 21:36:22] Debug: TaskParam SessionTimestamp = 20220819.213612
[08/19/2022 21:36:22] Debug: TaskParam snowConfiguration = Mobilize.BDS.Converter.SnowConvert.Configuration.SnowCodeProcessorConfiguration
[08/19/2022 21:36:22] Debug: TaskParam TaskConversionTime = Mobilize.Snow.Assessment.TaskConversionTimeSummary
[08/19/2022 21:36:22] Debug: TaskParam outputPath = /tmp/Output-d95cf43e-8ea1-4bf6-be04-12d5f9c20559/Output
[08/19/2022 21:36:22] Debug: TaskParam stubManager = Mobilize.Snow.Common.Utils.StubGenerationManager
[08/19/2022 21:36:22] Debug: TaskParam UDFManager = Mobilize.Snow.Common.UdfManager
[08/19/2022 21:36:22] Debug: TaskParam DashboardMode = False
[08/19/2022 21:36:22] Debug: TaskParam sourceLanguage = Teradata
[08/19/2022 21:36:22] Debug: TaskParam AssessmentManager = Mobilize.Snow.Assessment.AssessmentManager
[08/19/2022 21:36:22] Debug: TaskParam writeResultsProgressDescriptor = Mobilize.Common.Utils.Progress.SingleProgressDescriptor
[08/19/2022 21:36:22] Debug: TaskParam snowExecutionResult = Mobilize.Snow.Configuration.Models.SnowExecutionResult
[08/19/2022 21:36:22] Debug: TaskParam parsedFilesCount = 1
[08/19/2022 21:36:22] Debug: TaskParam executeT12AssessmentMode = False
[08/19/2022 21:36:22] Debug: TaskParam assessmentConfiguration = Mobilize.Snow.Common.AssessmentMode.TdAssessmentConfig
[08/19/2022 21:36:22] Debug: TaskParam ExecutionModeValue = Conversion
[08/19/2022 21:36:22] Debug: TaskParam ConversionEndTask.Input = /tmp/Repo-d95cf43e-8ea1-4bf6-be04-12d5f9c20559/Sources/input.wsp
[08/19/2022 21:36:22] Debug: TaskParam workingSet = Artinsoft.Common.Store.RepositoryWorkingSet`2[System.String,Artinsoft.Common.Store.IItemContainer]
[08/19/2022 21:36:22] Debug: TaskParam ConversionEndTask.ItemMedatada = Artinsoft.Common.Store.ItemMetadata
[08/19/2022 21:36:22] Debug: TaskParam ConversionEndTask.Enabled = True
[08/19/2022 21:36:22] Debug: TaskParam Repository = Artinsoft.Common.Store.Repository
[08/19/2022 21:36:22] Debug: TaskParam RepositoryDirectory = /tmp/Output-d95cf43e-8ea1-4bf6-be04-12d5f9c20559/.mobilize/CommonEF
[08/19/2022 21:36:22] Info: Step 7/7 - Stats and Reports: STARTED
[08/19/2022 21:36:23] Info: 
	==============================================================================
	SnowConvert assessment execution summary
	 - Files: 1
	 - Files Not Generated: 0
	 - Total lines of code: 41
	 - Automatically converted: 95%
	 - Conversion time: 00:00:10
	 - Conversion speed: 3 lines of code per second
	See the report files for more details about the conversion status.
	==============================================================================

[08/19/2022 21:36:23] Info: 
	==============================================================================
	LICENSE
	SnowConvert Tool.
	Production use or redistribution of tool or its output is strictly prohibited.
	Copyright (c) Mobilize.Net Corporation, 2021.
	For more License Terms and Conditions run SnowConvert with --terms.
	==============================================================================

[08/19/2022 21:36:23] Info: Writing the assessment reports
[08/19/2022 21:36:24] Info: Step 7/7 - Stats and Reports: COMPLETED
[08/19/2022 21:36:24] Info: EFProcess 637965417778111547 ended. Excecution time: 00:00:07.1134482
